Jinr/build/outputs/logs/manifest-merger-163-debug-report.txt
-- Merging decision tree log ---
manifest
ADDED from v3.6.3/Jinr/AndroidManifest.xml:2:1-422:12
	package
		ADDED from v3.6.3/Jinr/AndroidManifest.xml:2:11-34
	android:versionName
		INJECTED from v3.6.3/Jinr/AndroidManifest.xml
		INJECTED from v3.6.3/Jinr/AndroidManifest.xml
	xmlns:android
		ADDED from v3.6.3/Jinr/AndroidManifest.xml:3:11-69
	android:versionCode
		INJECTED from v3.6.3/Jinr/AndroidManifest.xml
		INJECTED from v3.6.3/Jinr/AndroidManifest.xml
uses-permission#android.permission.MODIFY_AUDIO_SETTINGS
ADDED from v3.6.3/Jinr/AndroidManifest.xml:5:5-79
	android:name
		ADDED from v3.6.3/Jinr/AndroidManifest.xml:5:22-77
uses-permission#android.permission.ACCESS_WIFI_STATE
ADDED from v3.6.3/Jinr/AndroidManifest.xml:6:5-75
MERGED from [v3.6.3:PushSDK:unspecified] AndroidManifest.xml:10:5-76
	android:name
		ADDED from v3.6.3/Jinr/AndroidManifest.xml:6:22-73
uses-permission#android.permission.ACCESS_NETWORK_STATE
ADDED from v3.6.3/Jinr/AndroidManifest.xml:7:5-78
MERGED from [v3.6.3:PushSDK:unspecified] AndroidManifest.xml:9:5-79
	android:name
		ADDED from v3.6.3/Jinr/AndroidManifest.xml:7:22-76
uses-permission#android.permission.CHANGE_WIFI_STATE
ADDED from v3.6.3/Jinr/AndroidManifest.xml:8:5-75
MERGED from [v3.6.3:PushSDK:unspecified] AndroidManifest.xml:22:5-76
	android:name
		ADDED from v3.6.3/Jinr/AndroidManifest.xml:8:22-73
uses-permission#android.permission.READ_PHONE_STATE
ADDED from v3.6.3/Jinr/AndroidManifest.xml:9:5-74
MERGED from [v3.6.3:PushSDK:unspecified] AndroidManifest.xml:13:5-75
MERGED from [com.yzr:Jnet:1.0.1] AndroidManifest.xml:14:5-75
	android:name
		ADDED from v3.6.3/Jinr/AndroidManifest.xml:9:22-72
uses-permission#android.permission.WRITE_EXTERNAL_STORAGE
ADDED from v3.6.3/Jinr/AndroidManifest.xml:10:5-80
MERGED from [v3.6.3:PushSDK:unspecified] AndroidManifest.xml:11:5-81
MERGED from [com.yzr:Jnet:1.0.1] AndroidManifest.xml:12:5-81
MERGED from [com.lzy.net:okgo:2.0.0] AndroidManifest.xml:13:5-81
	android:name
		ADDED from v3.6.3/Jinr/AndroidManifest.xml:10:22-78
uses-permission#android.permission.CALL_PHONE
ADDED from v3.6.3/Jinr/AndroidManifest.xml:11:5-68
	android:name
		ADDED from v3.6.3/Jinr/AndroidManifest.xml:11:22-66
uses-permission#android.permission.INTERNET
ADDED from v3.6.3/Jinr/AndroidManifest.xml:12:5-66
MERGED from [v3.6.3:PushSDK:unspecified] AndroidManifest.xml:8:5-67
MERGED from [com.yzr:Jnet:1.0.1] AndroidManifest.xml:11:5-67
MERGED from [com.lzy.net:okgo:2.0.0] AndroidManifest.xml:11:5-67
	android:name
		ADDED from v3.6.3/Jinr/AndroidManifest.xml:12:22-64
uses-permission#android.permission.READ_EXTERNAL_STORAGE
ADDED from v3.6.3/Jinr/AndroidManifest.xml:13:5-79
MERGED from [com.yzr:Jnet:1.0.1] AndroidManifest.xml:13:5-80
MERGED from [com.lzy.net:okgo:2.0.0] AndroidManifest.xml:12:5-80
	android:name
		ADDED from v3.6.3/Jinr/AndroidManifest.xml:13:22-77
uses-permission#android.permission.MOUNT_UNMOUNT_FILESYSTEMS
ADDED from v3.6.3/Jinr/AndroidManifest.xml:14:5-83
MERGED from [com.lzy.net:okgo:2.0.0] AndroidManifest.xml:14:5-84
	android:name
		ADDED from v3.6.3/Jinr/AndroidManifest.xml:14:22-81
uses-permission#android.permission.MANAGE_ACCOUNTS
ADDED from v3.6.3/Jinr/AndroidManifest.xml:15:5-73
	android:name
		ADDED from v3.6.3/Jinr/AndroidManifest.xml:15:22-71
uses-permission#android.permission.GET_ACCOUNTS
ADDED from v3.6.3/Jinr/AndroidManifest.xml:16:5-70
	android:name
		ADDED from v3.6.3/Jinr/AndroidManifest.xml:16:22-68
uses-permission#android.permission.SET_ANIMATION_SCALE
ADDED from v3.6.3/Jinr/AndroidManifest.xml:17:5-77
	android:name
		ADDED from v3.6.3/Jinr/AndroidManifest.xml:17:22-75
uses-permission#android.permission.RECEIVE_SMS
ADDED from v3.6.3/Jinr/AndroidManifest.xml:19:5-69
	android:name
		ADDED from v3.6.3/Jinr/AndroidManifest.xml:19:22-67
uses-permission#android.permission.RECEIVE_USER_PRESENT
ADDED from v3.6.3/Jinr/AndroidManifest.xml:20:5-78
	android:name
		ADDED from v3.6.3/Jinr/AndroidManifest.xml:20:22-76
uses-permission#android.permission.WAKE_LOCK
ADDED from v3.6.3/Jinr/AndroidManifest.xml:21:5-67
MERGED from [v3.6.3:PushSDK:unspecified] AndroidManifest.xml:12:5-68
	android:name
		ADDED from v3.6.3/Jinr/AndroidManifest.xml:21:22-65
uses-permission#android.permission.WRITE_SETTINGS
ADDED from v3.6.3/Jinr/AndroidManifest.xml:22:5-72
	android:name
		ADDED from v3.6.3/Jinr/AndroidManifest.xml:22:22-70
uses-permission#android.permission.ACCESS_COARSE_LOCATION
ADDED from v3.6.3/Jinr/AndroidManifest.xml:24:5-80
	android:name
		ADDED from v3.6.3/Jinr/AndroidManifest.xml:24:22-78
uses-permission#android.permission.ACCESS_FINE_LOCATION
ADDED from v3.6.3/Jinr/AndroidManifest.xml:25:5-78
	android:name
		ADDED from v3.6.3/Jinr/AndroidManifest.xml:25:22-76
uses-permission#android.permission.ACCESS_LOCATION_EXTRA_COMMANDS
ADDED from v3.6.3/Jinr/AndroidManifest.xml:26:5-88
	android:name
		ADDED from v3.6.3/Jinr/AndroidManifest.xml:26:22-86
uses-permission#android.permission.BLUETOOTH_ADMIN
ADDED from v3.6.3/Jinr/AndroidManifest.xml:27:5-73
	android:name
		ADDED from v3.6.3/Jinr/AndroidManifest.xml:27:22-71
uses-permission#android.permission.VIBRATE
ADDED from v3.6.3/Jinr/AndroidManifest.xml:28:5-65
	android:name
		ADDED from v3.6.3/Jinr/AndroidManifest.xml:28:22-63
application
ADDED from v3.6.3/Jinr/AndroidManifest.xml:30:5-420:19
MERGED from [v3.6.3:PushSDK:unspecified] AndroidManifest.xml:24:5-145:19
MERGED from [v3.6.3:commonlibrary:unspecified] AndroidManifest.xml:11:5-15:19
MERGED from [com.yzr:Jnet:1.0.1] AndroidManifest.xml:16:5-29:19
MERGED from [com.github.limedroid:XDroidMvp:v1.5.0] AndroidManifest.xml:11:5-15:19
MERGED from [com.android.support:appcompat-v7:25.0.0] AndroidManifest.xml:25:5-20
MERGED from [com.android.support:support-v4:25.0.0] AndroidManifest.xml:25:5-20
MERGED from [com.android.support:support-compat:25.1.0] AndroidManifest.xml:25:5-20
MERGED from [com.android.support:support-media-compat:25.0.0] AndroidManifest.xml:25:5-20
MERGED from [com.android.support:support-core-utils:25.0.0] AndroidManifest.xml:25:5-20
MERGED from [com.android.support:support-core-ui:25.0.0] AndroidManifest.xml:25:5-20
MERGED from [com.android.support:support-fragment:25.0.0] AndroidManifest.xml:25:5-20
MERGED from [com.android.support:support-vector-drawable:25.0.0] AndroidManifest.xml:23:5-20
MERGED from [com.android.support:animated-vector-drawable:25.0.0] AndroidManifest.xml:22:5-20
MERGED from [com.android.support:design:23.3.0] AndroidManifest.xml:22:5-20
MERGED from [com.github.limedroid:ARecyclerView:v1.1.5] AndroidManifest.xml:10:5-14:19
MERGED from [com.github.limedroid:XStateController:v1.1.1] AndroidManifest.xml:11:5-15:19
MERGED from [com.tbruyelle.rxpermissions:rxpermissions:0.9.1] AndroidManifest.xml:11:5-20
	android:label
		ADDED from v3.6.3/Jinr/AndroidManifest.xml:34:9-41
	android:supportsRtl
		ADDED from [v3.6.3:commonlibrary:unspecified] AndroidManifest.xml:14:9-35
	android:allowBackup
		ADDED from v3.6.3/Jinr/AndroidManifest.xml:32:9-35
		REJECTED from [v3.6.3:commonlibrary:unspecified] AndroidManifest.xml:12:9-35
		REJECTED from [com.yzr:Jnet:1.0.1] AndroidManifest.xml:17:9-35
		REJECTED from [com.github.limedroid:XDroidMvp:v1.5.0] AndroidManifest.xml:12:9-35
		REJECTED from [com.github.limedroid:ARecyclerView:v1.1.5] AndroidManifest.xml:11:9-35
		REJECTED from [com.github.limedroid:XStateController:v1.1.1] AndroidManifest.xml:12:9-35
	android:icon
		ADDED from v3.6.3/Jinr/AndroidManifest.xml:33:9-45
	android:theme
		ADDED from v3.6.3/Jinr/AndroidManifest.xml:35:9-40
	tools:replace
		ADDED from [v3.6.3:PushSDK:unspecified] AndroidManifest.xml:26:9-44
	android:name
		ADDED from v3.6.3/Jinr/AndroidManifest.xml:31:9-32
activity#com.jinr.core.ImageActivity
ADDED from v3.6.3/Jinr/AndroidManifest.xml:36:9-45:20
	android:screenOrientation
		ADDED from v3.6.3/Jinr/AndroidManifest.xml:39:13-49
	android:label
		ADDED from v3.6.3/Jinr/AndroidManifest.xml:38:13-45
	android:name
		ADDED from v3.6.3/Jinr/AndroidManifest.xml:37:13-42
intent-filter#android.intent.action.MAIN+android.intent.category.LAUNCHER
ADDED from v3.6.3/Jinr/AndroidManifest.xml:40:13-44:29
action#android.intent.action.MAIN
ADDED from v3.6.3/Jinr/AndroidManifest.xml:41:17-68
	android:name
		ADDED from v3.6.3/Jinr/AndroidManifest.xml:41:25-66
category#android.intent.category.LAUNCHER
ADDED from v3.6.3/Jinr/AndroidManifest.xml:43:17-76
	android:name
		ADDED from v3.6.3/Jinr/AndroidManifest.xml:43:27-74
activity#com.jinr.core.MainActivity
ADDED from v3.6.3/Jinr/AndroidManifest.xml:48:9-53:15
	android:screenOrientation
		ADDED from v3.6.3/Jinr/AndroidManifest.xml:51:13-49
	android:label
		ADDED from v3.6.3/Jinr/AndroidManifest.xml:50:13-45
	android:name
		ADDED from v3.6.3/Jinr/AndroidManifest.xml:49:13-41
activity#com.mob.tools.MobUIShell
ADDED from v3.6.3/Jinr/AndroidManifest.xml:56:9-70:20
	android:screenOrientation
		ADDED from v3.6.3/Jinr/AndroidManifest.xml:59:13-49
	android:windowSoftInputMode
		ADDED from v3.6.3/Jinr/AndroidManifest.xml:61:13-67
	android:configChanges
		ADDED from v3.6.3/Jinr/AndroidManifest.xml:58:13-74
	android:theme
		ADDED from v3.6.3/Jinr/AndroidManifest.xml:60:13-72
	android:name
		ADDED from v3.6.3/Jinr/AndroidManifest.xml:57:13-52
intent-filter#android.intent.action.VIEW+android.intent.category.BROWSABLE+android.intent.category.DEFAULT
ADDED from v3.6.3/Jinr/AndroidManifest.xml:62:13-69:29
data
ADDED from v3.6.3/Jinr/AndroidManifest.xml:63:17-59
	android:scheme
		ADDED from v3.6.3/Jinr/AndroidManifest.xml:63:23-57
action#android.intent.action.VIEW
ADDED from v3.6.3/Jinr/AndroidManifest.xml:65:17-68
	android:name
		ADDED from v3.6.3/Jinr/AndroidManifest.xml:65:25-66
category#android.intent.category.BROWSABLE
ADDED from v3.6.3/Jinr/AndroidManifest.xml:67:17-77
	android:name
		ADDED from v3.6.3/Jinr/AndroidManifest.xml:67:27-75
category#android.intent.category.DEFAULT
ADDED from v3.6.3/Jinr/AndroidManifest.xml:68:17-75
	android:name
		ADDED from v3.6.3/Jinr/AndroidManifest.xml:68:27-73
activity#com.jinr.core.AdvertisementActivity
ADDED from v3.6.3/Jinr/AndroidManifest.xml:71:9-73:51
	android:screenOrientation
		ADDED from v3.6.3/Jinr/AndroidManifest.xml:73:13-49
	android:name
		ADDED from v3.6.3/Jinr/AndroidManifest.xml:72:13-50
activity#com.jinr.core.more.AboutUsActivity
ADDED from v3.6.3/Jinr/AndroidManifest.xml:74:9-76:51
	android:screenOrientation
		ADDED from v3.6.3/Jinr/AndroidManifest.xml:76:13-49
	android:name
		ADDED from v3.6.3/Jinr/AndroidManifest.xml:75:13-49
activity#com.jinr.core.trade.OperationsAcitivity
ADDED from v3.6.3/Jinr/AndroidManifest.xml:77:9-79:51
	android:screenOrientation
		ADDED from v3.6.3/Jinr/AndroidManifest.xml:79:13-49
	android:name
		ADDED from v3.6.3/Jinr/AndroidManifest.xml:78:13-54
activity#com.jinr.core.regist.RegisterActivity
ADDED from v3.6.3/Jinr/AndroidManifest.xml:80:9-82:51
	android:screenOrientation
		ADDED from v3.6.3/Jinr/AndroidManifest.xml:82:13-49
	android:name
		ADDED from v3.6.3/Jinr/AndroidManifest.xml:81:13-52
activity#com.jinr.core.more.MoreActivity
ADDED from v3.6.3/Jinr/AndroidManifest.xml:83:9-85:51
	android:screenOrientation
		ADDED from v3.6.3/Jinr/AndroidManifest.xml:85:13-49
	android:name
		ADDED from v3.6.3/Jinr/AndroidManifest.xml:84:13-46
activity#com.jinr.core.security.SecurityCenterActivity
ADDED from v3.6.3/Jinr/AndroidManifest.xml:86:9-88:51
	android:screenOrientation
		ADDED from v3.6.3/Jinr/AndroidManifest.xml:88:13-49
	android:name
		ADDED from v3.6.3/Jinr/AndroidManifest.xml:87:13-60
activity#com.jinr.core.bankCard.LeftBankCardActivity
ADDED from v3.6.3/Jinr/AndroidManifest.xml:89:9-91:51
	android:screenOrientation
		ADDED from v3.6.3/Jinr/AndroidManifest.xml:91:13-49
	android:name
		ADDED from v3.6.3/Jinr/AndroidManifest.xml:90:13-58
activity#com.jinr.core.gift.BonusCenterActivity
ADDED from v3.6.3/Jinr/AndroidManifest.xml:92:9-94:51
	android:screenOrientation
		ADDED from v3.6.3/Jinr/AndroidManifest.xml:94:13-49
	android:name
		ADDED from v3.6.3/Jinr/AndroidManifest.xml:93:13-53
activity#com.jinr.core.security.ForgotPasswdActivity
ADDED from v3.6.3/Jinr/AndroidManifest.xml:95:9-99:74
	android:screenOrientation
		ADDED from v3.6.3/Jinr/AndroidManifest.xml:98:13-49
	android:windowSoftInputMode
		ADDED from v3.6.3/Jinr/AndroidManifest.xml:99:13-72
	android:configChanges
		ADDED from v3.6.3/Jinr/AndroidManifest.xml:97:13-63
	android:name
		ADDED from v3.6.3/Jinr/AndroidManifest.xml:96:13-58
activity#com.jinr.core.security.ForgotPwd1Activity
ADDED from v3.6.3/Jinr/AndroidManifest.xml:100:9-104:74
	android:screenOrientation
		ADDED from v3.6.3/Jinr/AndroidManifest.xml:103:13-49
	android:windowSoftInputMode
		ADDED from v3.6.3/Jinr/AndroidManifest.xml:104:13-72
	android:configChanges
		ADDED from v3.6.3/Jinr/AndroidManifest.xml:102:13-63
	android:name
		ADDED from v3.6.3/Jinr/AndroidManifest.xml:101:13-56
activity#com.jinr.core.bankCard.AddBankActivity
ADDED from v3.6.3/Jinr/AndroidManifest.xml:105:9-109:74
	android:screenOrientation
		ADDED from v3.6.3/Jinr/AndroidManifest.xml:108:13-49
	android:windowSoftInputMode
		ADDED from v3.6.3/Jinr/AndroidManifest.xml:109:13-72
	android:configChanges
		ADDED from v3.6.3/Jinr/AndroidManifest.xml:107:13-63
	android:name
		ADDED from v3.6.3/Jinr/AndroidManifest.xml:106:13-53
activity#com.jinr.core.bankCard.PhoneMessageActivity
ADDED from v3.6.3/Jinr/AndroidManifest.xml:110:9-114:69
	android:screenOrientation
		ADDED from v3.6.3/Jinr/AndroidManifest.xml:113:13-49
	android:windowSoftInputMode
		ADDED from v3.6.3/Jinr/AndroidManifest.xml:114:13-67
	android:configChanges
		ADDED from v3.6.3/Jinr/AndroidManifest.xml:112:13-63
	android:name
		ADDED from v3.6.3/Jinr/AndroidManifest.xml:111:13-58
activity#com.jinr.core.trade.purchase.PurchaseLimitNoteActivity
ADDED from v3.6.3/Jinr/AndroidManifest.xml:115:9-119:74
	android:screenOrientation
		ADDED from v3.6.3/Jinr/AndroidManifest.xml:118:13-49
	android:windowSoftInputMode
		ADDED from v3.6.3/Jinr/AndroidManifest.xml:119:13-72
	android:configChanges
		ADDED from v3.6.3/Jinr/AndroidManifest.xml:117:13-63
	android:name
		ADDED from v3.6.3/Jinr/AndroidManifest.xml:116:13-69
activity#com.jinr.core.trade.purchase.PurchaseResultActivity
ADDED from v3.6.3/Jinr/AndroidManifest.xml:120:9-122:51
	android:screenOrientation
		ADDED from v3.6.3/Jinr/AndroidManifest.xml:122:13-49
	android:name
		ADDED from v3.6.3/Jinr/AndroidManifest.xml:121:13-66
activity#com.jinr.core.trade.record.TradeRecordActivity
ADDED from v3.6.3/Jinr/AndroidManifest.xml:123:9-125:51
	android:screenOrientation
		ADDED from v3.6.3/Jinr/AndroidManifest.xml:125:13-49
	android:name
		ADDED from v3.6.3/Jinr/AndroidManifest.xml:124:13-61
activity#com.jinr.core.trade.record.RecordDetailActivity
ADDED from v3.6.3/Jinr/AndroidManifest.xml:126:9-128:51
	android:screenOrientation
		ADDED from v3.6.3/Jinr/AndroidManifest.xml:128:13-49
	android:name
		ADDED from v3.6.3/Jinr/AndroidManifest.xml:127:13-62
activity#com.jinr.core.bankCard.citylist.main.CityList
ADDED from v3.6.3/Jinr/AndroidManifest.xml:129:9-132:51
	android:screenOrientation
		ADDED from v3.6.3/Jinr/AndroidManifest.xml:132:13-49
	android:label
		ADDED from v3.6.3/Jinr/AndroidManifest.xml:131:13-45
	android:name
		ADDED from v3.6.3/Jinr/AndroidManifest.xml:130:13-60
activity#com.jinr.core.bankCard.banklist.main.BankList
ADDED from v3.6.3/Jinr/AndroidManifest.xml:133:9-136:51
	android:screenOrientation
		ADDED from v3.6.3/Jinr/AndroidManifest.xml:136:13-49
	android:label
		ADDED from v3.6.3/Jinr/AndroidManifest.xml:135:13-45
	android:name
		ADDED from v3.6.3/Jinr/AndroidManifest.xml:134:13-60
activity#com.jinr.core.my_change.WebViewActivity
ADDED from v3.6.3/Jinr/AndroidManifest.xml:137:9-140:51
	android:screenOrientation
		ADDED from v3.6.3/Jinr/AndroidManifest.xml:140:13-49
	android:label
		ADDED from v3.6.3/Jinr/AndroidManifest.xml:139:13-60
	android:name
		ADDED from v3.6.3/Jinr/AndroidManifest.xml:138:13-54
activity#com.jinr.core.my_change.GiftActivity
ADDED from v3.6.3/Jinr/AndroidManifest.xml:141:9-143:51
	android:screenOrientation
		ADDED from v3.6.3/Jinr/AndroidManifest.xml:143:13-49
	android:name
		ADDED from v3.6.3/Jinr/AndroidManifest.xml:142:13-51
activity#com.jinr.core.security.lockpanttern.pattern.CreateGesturePasswordActivity
ADDED from v3.6.3/Jinr/AndroidManifest.xml:144:9-147:51
	android:screenOrientation
		ADDED from v3.6.3/Jinr/AndroidManifest.xml:147:13-49
	android:label
		ADDED from v3.6.3/Jinr/AndroidManifest.xml:146:13-45
	android:name
		ADDED from v3.6.3/Jinr/AndroidManifest.xml:145:13-88
activity#com.jinr.core.security.lockpanttern.pattern.UnlockGesturePasswordActivity
ADDED from v3.6.3/Jinr/AndroidManifest.xml:148:9-151:51
	android:screenOrientation
		ADDED from v3.6.3/Jinr/AndroidManifest.xml:151:13-49
	android:label
		ADDED from v3.6.3/Jinr/AndroidManifest.xml:150:13-45
	android:name
		ADDED from v3.6.3/Jinr/AndroidManifest.xml:149:13-88
activity#com.jinr.core.guide.SplashActivity
ADDED from v3.6.3/Jinr/AndroidManifest.xml:152:9-155:51
	android:screenOrientation
		ADDED from v3.6.3/Jinr/AndroidManifest.xml:155:13-49
	android:label
		ADDED from v3.6.3/Jinr/AndroidManifest.xml:154:13-45
	android:name
		ADDED from v3.6.3/Jinr/AndroidManifest.xml:153:13-49
activity#com.jinr.core.guide.GuideActivity
ADDED from v3.6.3/Jinr/AndroidManifest.xml:156:9-159:51
	android:screenOrientation
		ADDED from v3.6.3/Jinr/AndroidManifest.xml:159:13-49
	android:label
		ADDED from v3.6.3/Jinr/AndroidManifest.xml:158:13-45
	android:name
		ADDED from v3.6.3/Jinr/AndroidManifest.xml:157:13-48
activity#com.jinr.core.security.RealInfoActivity
ADDED from v3.6.3/Jinr/AndroidManifest.xml:160:9-163:51
	android:screenOrientation
		ADDED from v3.6.3/Jinr/AndroidManifest.xml:163:13-49
	android:label
		ADDED from v3.6.3/Jinr/AndroidManifest.xml:162:13-45
	android:name
		ADDED from v3.6.3/Jinr/AndroidManifest.xml:161:13-54
activity#com.jinr.core.security.MyBankCardActivity
ADDED from v3.6.3/Jinr/AndroidManifest.xml:164:9-167:51
	android:screenOrientation
		ADDED from v3.6.3/Jinr/AndroidManifest.xml:167:13-49
	android:label
		ADDED from v3.6.3/Jinr/AndroidManifest.xml:166:13-45
	android:name
		ADDED from v3.6.3/Jinr/AndroidManifest.xml:165:13-56
activity#com.jinr.core.gift.GiftDetailActivity
ADDED from v3.6.3/Jinr/AndroidManifest.xml:168:9-171:51
	android:screenOrientation
		ADDED from v3.6.3/Jinr/AndroidManifest.xml:171:13-49
	android:label
		ADDED from v3.6.3/Jinr/AndroidManifest.xml:170:13-45
	android:name
		ADDED from v3.6.3/Jinr/AndroidManifest.xml:169:13-52
service#com.umeng.update.net.DownloadingService
ADDED from v3.6.3/Jinr/AndroidManifest.xml:173:9-175:52
	android:process
		ADDED from v3.6.3/Jinr/AndroidManifest.xml:175:13-50
	android:name
		ADDED from v3.6.3/Jinr/AndroidManifest.xml:174:13-67
activity#com.umeng.update.UpdateDialogActivity
ADDED from v3.6.3/Jinr/AndroidManifest.xml:177:9-179:74
	android:theme
		ADDED from v3.6.3/Jinr/AndroidManifest.xml:179:13-72
	android:name
		ADDED from v3.6.3/Jinr/AndroidManifest.xml:178:13-65
activity#com.jinr.core.security.mobile.ChangeMobileStep1
ADDED from v3.6.3/Jinr/AndroidManifest.xml:180:9-183:51
	android:screenOrientation
		ADDED from v3.6.3/Jinr/AndroidManifest.xml:183:13-49
	android:label
		ADDED from v3.6.3/Jinr/AndroidManifest.xml:182:13-45
	android:name
		ADDED from v3.6.3/Jinr/AndroidManifest.xml:181:13-62
activity#com.jinr.core.security.loginpwd.ChangeLoginPwd
ADDED from v3.6.3/Jinr/AndroidManifest.xml:184:9-187:51
	android:screenOrientation
		ADDED from v3.6.3/Jinr/AndroidManifest.xml:187:13-49
	android:label
		ADDED from v3.6.3/Jinr/AndroidManifest.xml:186:13-45
	android:name
		ADDED from v3.6.3/Jinr/AndroidManifest.xml:185:13-61
activity#com.jinr.core.security.tradepwd.ChgTradePwd
ADDED from v3.6.3/Jinr/AndroidManifest.xml:188:9-191:51
	android:screenOrientation
		ADDED from v3.6.3/Jinr/AndroidManifest.xml:191:13-49
	android:label
		ADDED from v3.6.3/Jinr/AndroidManifest.xml:190:13-45
	android:name
		ADDED from v3.6.3/Jinr/AndroidManifest.xml:189:13-58
activity#com.jinr.core.security.tradepwd.SetTradePwdActivity
ADDED from v3.6.3/Jinr/AndroidManifest.xml:192:9-195:51
	android:screenOrientation
		ADDED from v3.6.3/Jinr/AndroidManifest.xml:195:13-49
	android:label
		ADDED from v3.6.3/Jinr/AndroidManifest.xml:194:13-45
	android:name
		ADDED from v3.6.3/Jinr/AndroidManifest.xml:193:13-66
activity#com.jinr.core.security.tradepwd.FindTradePwd
ADDED from v3.6.3/Jinr/AndroidManifest.xml:196:9-199:51
	android:screenOrientation
		ADDED from v3.6.3/Jinr/AndroidManifest.xml:199:13-49
	android:label
		ADDED from v3.6.3/Jinr/AndroidManifest.xml:198:13-45
	android:name
		ADDED from v3.6.3/Jinr/AndroidManifest.xml:197:13-59
activity#com.jinr.core.dayup.MyDayUpActivity
ADDED from v3.6.3/Jinr/AndroidManifest.xml:200:9-203:51
	android:screenOrientation
		ADDED from v3.6.3/Jinr/AndroidManifest.xml:203:13-49
	android:label
		ADDED from v3.6.3/Jinr/AndroidManifest.xml:202:13-45
	android:name
		ADDED from v3.6.3/Jinr/AndroidManifest.xml:201:13-50
activity#com.jinr.core.dayup.CommonProjectDetailActivity
ADDED from v3.6.3/Jinr/AndroidManifest.xml:204:9-207:51
	android:screenOrientation
		ADDED from v3.6.3/Jinr/AndroidManifest.xml:207:13-49
	android:label
		ADDED from v3.6.3/Jinr/AndroidManifest.xml:206:13-45
	android:name
		ADDED from v3.6.3/Jinr/AndroidManifest.xml:205:13-62
activity#com.jinr.core.regular.ProductInstructionsActivity
ADDED from v3.6.3/Jinr/AndroidManifest.xml:208:9-211:51
	android:screenOrientation
		ADDED from v3.6.3/Jinr/AndroidManifest.xml:211:13-49
	android:label
		ADDED from v3.6.3/Jinr/AndroidManifest.xml:210:13-45
	android:name
		ADDED from v3.6.3/Jinr/AndroidManifest.xml:209:13-64
activity#com.jinr.core.trade.purchase.RegularPurchaseFirstActivity
ADDED from v3.6.3/Jinr/AndroidManifest.xml:212:9-215:51
	android:screenOrientation
		ADDED from v3.6.3/Jinr/AndroidManifest.xml:215:13-49
	android:label
		ADDED from v3.6.3/Jinr/AndroidManifest.xml:214:13-45
	android:name
		ADDED from v3.6.3/Jinr/AndroidManifest.xml:213:13-72
activity#com.jinr.core.trade.purchase.CurrentPurchaseFirstActivity
ADDED from v3.6.3/Jinr/AndroidManifest.xml:216:9-219:51
	android:screenOrientation
		ADDED from v3.6.3/Jinr/AndroidManifest.xml:219:13-49
	android:label
		ADDED from v3.6.3/Jinr/AndroidManifest.xml:218:13-45
	android:name
		ADDED from v3.6.3/Jinr/AndroidManifest.xml:217:13-72
activity#com.jinr.core.security.SettingActivity
ADDED from v3.6.3/Jinr/AndroidManifest.xml:220:9-223:51
	android:screenOrientation
		ADDED from v3.6.3/Jinr/AndroidManifest.xml:223:13-49
	android:label
		ADDED from v3.6.3/Jinr/AndroidManifest.xml:222:13-45
	android:name
		ADDED from v3.6.3/Jinr/AndroidManifest.xml:221:13-53
activity#com.jinr.core.security.address.EditAddressActivity
ADDED from v3.6.3/Jinr/AndroidManifest.xml:224:9-227:51
	android:screenOrientation
		ADDED from v3.6.3/Jinr/AndroidManifest.xml:227:13-49
	android:label
		ADDED from v3.6.3/Jinr/AndroidManifest.xml:226:13-45
	android:name
		ADDED from v3.6.3/Jinr/AndroidManifest.xml:225:13-65
activity#com.jinr.core.gift.NewActActivity
ADDED from v3.6.3/Jinr/AndroidManifest.xml:228:9-230:51
	android:screenOrientation
		ADDED from v3.6.3/Jinr/AndroidManifest.xml:230:13-49
	android:name
		ADDED from v3.6.3/Jinr/AndroidManifest.xml:229:13-48
activity#com.jinr.core.dayup.ActBannerActivity
ADDED from v3.6.3/Jinr/AndroidManifest.xml:231:9-234:74
	android:screenOrientation
		ADDED from v3.6.3/Jinr/AndroidManifest.xml:233:13-49
	android:theme
		ADDED from v3.6.3/Jinr/AndroidManifest.xml:234:13-72
	android:name
		ADDED from v3.6.3/Jinr/AndroidManifest.xml:232:13-52
activity#com.jinr.core.transfer.TransferedListActivity
ADDED from v3.6.3/Jinr/AndroidManifest.xml:235:9-238:51
	android:screenOrientation
		ADDED from v3.6.3/Jinr/AndroidManifest.xml:238:13-49
	android:label
		ADDED from v3.6.3/Jinr/AndroidManifest.xml:237:13-45
	android:name
		ADDED from v3.6.3/Jinr/AndroidManifest.xml:236:13-60
activity#com.jinr.core.wxapi.WXEntryActivity
ADDED from v3.6.3/Jinr/AndroidManifest.xml:240:9-245:74
	android:screenOrientation
		ADDED from v3.6.3/Jinr/AndroidManifest.xml:244:13-49
	android:exported
		ADDED from v3.6.3/Jinr/AndroidManifest.xml:243:13-36
	android:configChanges
		ADDED from v3.6.3/Jinr/AndroidManifest.xml:242:13-74
	android:theme
		ADDED from v3.6.3/Jinr/AndroidManifest.xml:245:13-72
	android:name
		ADDED from v3.6.3/Jinr/AndroidManifest.xml:241:13-50
receiver#com.jinr.core.AppRegister
ADDED from v3.6.3/Jinr/AndroidManifest.xml:247:9-253:20
	android:permission
		ADDED from v3.6.3/Jinr/AndroidManifest.xml:249:13-71
	android:name
		ADDED from v3.6.3/Jinr/AndroidManifest.xml:248:13-40
intent-filter#com.tencent.mm.plugin.openapi.Intent.ACTION_REFRESH_WXAPP
ADDED from v3.6.3/Jinr/AndroidManifest.xml:250:13-252:29
action#com.tencent.mm.plugin.openapi.Intent.ACTION_REFRESH_WXAPP
ADDED from v3.6.3/Jinr/AndroidManifest.xml:251:17-99
	android:name
		ADDED from v3.6.3/Jinr/AndroidManifest.xml:251:25-97
meta-data#UMENG_APPKEY
ADDED from v3.6.3/Jinr/AndroidManifest.xml:255:9-257:55
	android:value
		ADDED from v3.6.3/Jinr/AndroidManifest.xml:257:13-53
	android:name
		ADDED from v3.6.3/Jinr/AndroidManifest.xml:256:13-40
meta-data#UMENG_CHANNEL
ADDED from v3.6.3/Jinr/AndroidManifest.xml:259:9-261:53
	android:value
		ADDED from v3.6.3/Jinr/AndroidManifest.xml:261:13-51
		INJECTED from v3.6.3/Jinr/AndroidManifest.xml
	android:name
		ADDED from v3.6.3/Jinr/AndroidManifest.xml:260:13-41
meta-data#UMENG_MESSAGE_SECRET
ADDED from v3.6.3/Jinr/AndroidManifest.xml:262:9-264:63
	android:value
		ADDED from v3.6.3/Jinr/AndroidManifest.xml:264:13-61
	android:name
		ADDED from v3.6.3/Jinr/AndroidManifest.xml:263:13-48
service#com.baidu.location.f
ADDED from v3.6.3/Jinr/AndroidManifest.xml:266:9-274:19
	android:enabled
		ADDED from v3.6.3/Jinr/AndroidManifest.xml:268:13-35
	android:process
		ADDED from v3.6.3/Jinr/AndroidManifest.xml:269:13-38
	android:name
		ADDED from v3.6.3/Jinr/AndroidManifest.xml:267:13-48
intent-filter#com.baidu.location.service_v2.2
ADDED from v3.6.3/Jinr/AndroidManifest.xml:270:13-273:29
action#com.baidu.location.service_v2.2
ADDED from v3.6.3/Jinr/AndroidManifest.xml:271:17-272:26
	android:name
		ADDED from v3.6.3/Jinr/AndroidManifest.xml:271:25-71
meta-data#com.baidu.lbsapi.API_KEY
ADDED from v3.6.3/Jinr/AndroidManifest.xml:276:9-278:63
	android:value
		ADDED from v3.6.3/Jinr/AndroidManifest.xml:278:13-61
	android:name
		ADDED from v3.6.3/Jinr/AndroidManifest.xml:277:13-52
activity#com.jinr.core.more.CjWentiActivity
ADDED from v3.6.3/Jinr/AndroidManifest.xml:285:9-288:51
	android:screenOrientation
		ADDED from v3.6.3/Jinr/AndroidManifest.xml:288:13-49
	android:label
		ADDED from v3.6.3/Jinr/AndroidManifest.xml:287:13-60
	android:name
		ADDED from v3.6.3/Jinr/AndroidManifest.xml:286:13-49
activity#com.jinr.core.more.CommonWebActivity
ADDED from v3.6.3/Jinr/AndroidManifest.xml:289:9-291:51
	android:screenOrientation
		ADDED from v3.6.3/Jinr/AndroidManifest.xml:291:13-49
	android:name
		ADDED from v3.6.3/Jinr/AndroidManifest.xml:290:13-51
activity#com.jinr.core.more.AboutActivity
ADDED from v3.6.3/Jinr/AndroidManifest.xml:292:9-295:51
	android:screenOrientation
		ADDED from v3.6.3/Jinr/AndroidManifest.xml:295:13-49
	android:label
		ADDED from v3.6.3/Jinr/AndroidManifest.xml:294:13-57
	android:name
		ADDED from v3.6.3/Jinr/AndroidManifest.xml:293:13-47
activity#com.jinr.core.more.FeedbackActivity
ADDED from v3.6.3/Jinr/AndroidManifest.xml:296:9-299:51
	android:screenOrientation
		ADDED from v3.6.3/Jinr/AndroidManifest.xml:299:13-49
	android:label
		ADDED from v3.6.3/Jinr/AndroidManifest.xml:298:13-60
	android:name
		ADDED from v3.6.3/Jinr/AndroidManifest.xml:297:13-50
activity#com.jinr.core.news.ActDetailActivity
ADDED from v3.6.3/Jinr/AndroidManifest.xml:300:9-303:51
	android:screenOrientation
		ADDED from v3.6.3/Jinr/AndroidManifest.xml:303:13-49
	android:label
		ADDED from v3.6.3/Jinr/AndroidManifest.xml:302:13-63
	android:name
		ADDED from v3.6.3/Jinr/AndroidManifest.xml:301:13-51
activity#com.jinr.core.gift.share.MyGiftActivity
ADDED from v3.6.3/Jinr/AndroidManifest.xml:304:9-307:51
	android:screenOrientation
		ADDED from v3.6.3/Jinr/AndroidManifest.xml:307:13-49
	android:label
		ADDED from v3.6.3/Jinr/AndroidManifest.xml:306:13-58
	android:name
		ADDED from v3.6.3/Jinr/AndroidManifest.xml:305:13-54
activity#com.jinr.core.more.MyFeedbackActivity
ADDED from v3.6.3/Jinr/AndroidManifest.xml:308:9-311:51
	android:screenOrientation
		ADDED from v3.6.3/Jinr/AndroidManifest.xml:311:13-49
	android:label
		ADDED from v3.6.3/Jinr/AndroidManifest.xml:310:13-63
	android:name
		ADDED from v3.6.3/Jinr/AndroidManifest.xml:309:13-52
activity#com.jinr.core.more.Detial_fbckActivity
ADDED from v3.6.3/Jinr/AndroidManifest.xml:312:9-315:51
	android:screenOrientation
		ADDED from v3.6.3/Jinr/AndroidManifest.xml:315:13-49
	android:label
		ADDED from v3.6.3/Jinr/AndroidManifest.xml:314:13-63
	android:name
		ADDED from v3.6.3/Jinr/AndroidManifest.xml:313:13-53
activity#com.jinr.core.trade.my_getCash.CityAddActivity
ADDED from v3.6.3/Jinr/AndroidManifest.xml:316:9-318:51
	android:screenOrientation
		ADDED from v3.6.3/Jinr/AndroidManifest.xml:318:13-49
	android:name
		ADDED from v3.6.3/Jinr/AndroidManifest.xml:317:13-61
activity#com.jinr.core.trade.getCash.AssetsActivity
ADDED from v3.6.3/Jinr/AndroidManifest.xml:319:9-321:51
	android:screenOrientation
		ADDED from v3.6.3/Jinr/AndroidManifest.xml:321:13-49
	android:name
		ADDED from v3.6.3/Jinr/AndroidManifest.xml:320:13-57
activity#com.jinr.core.notice.NoticeListActivity
ADDED from v3.6.3/Jinr/AndroidManifest.xml:322:9-324:51
	android:screenOrientation
		ADDED from v3.6.3/Jinr/AndroidManifest.xml:324:13-49
	android:name
		ADDED from v3.6.3/Jinr/AndroidManifest.xml:323:13-54
activity#com.jinr.core.notice.NoticeDetailsActivity
ADDED from v3.6.3/Jinr/AndroidManifest.xml:325:9-327:51
	android:screenOrientation
		ADDED from v3.6.3/Jinr/AndroidManifest.xml:327:13-49
	android:name
		ADDED from v3.6.3/Jinr/AndroidManifest.xml:326:13-57
activity#com.jinr.core.MyWebViewActivity